<?xml version="1.0" encoding="utf-8"?><testsuites name="pytest tests"><testsuite name="pytest" errors="0" failures="0" skipped="0" tests="6" time="4.460" timestamp="2026-08-09T21:07:13.794271+00:00" hostname="agent-env-dc7c2ee6-43cf-4cf2-bd26-9b0e833da306"><testcase classname="tests.test_discrepancy.TestRegressionPriorEndpoints" name="test_warehouse_stock_gudang" time="2.780" /><testcase classname="tests.test_discrepancy.TestRegressionPriorEndpoints" name="test_expenses_sales" time="0.044" /><testcase classname="tests.test_discrepancy.TestWarehousePhotoFields" name="test_create_and_patch_photos" time="3.045" /><testcase classname="tests.test_discrepancy.TestDiscrepancyFlow" name="test_merah_then_hijau_then_clear_then_restore" time="0.653" /><testcase classname="tests.test_discrepancy.TestClearHijauRBAC" name="test_rbac_denies_non_admin_and_wrong_group" time="0.390" /><testcase classname="tests.test_discrepancy.TestDiscrepancySummary" name="test_summary_aggregation_two_days" time="0.654" /></testsuite></testsuites>