<?xml version="1.0" encoding="utf-8"?><testsuites name="pytest tests"><testsuite name="pytest" errors="0" failures="1" skipped="0" tests="33" time="110.245" timestamp="2026-08-04T20:02:57.136059+00:00" hostname="agent-env-dc7c2ee6-43cf-4cf2-bd26-9b0e833da306"><testcase classname="tests.test_lottery.TestPeriodCRUD" name="test_create_period_super" time="3.134" /><testcase classname="tests.test_lottery.TestTicketAutoGen" name="test_gallon_qty3_generates_3_tickets" time="4.157" /><testcase classname="tests.test_lottery.TestPeriodCRUD" name="test_list_periods" time="0.113" /><testcase classname="tests.test_lottery.TestPeriodCRUD" name="test_create_period_forbidden_admin" time="0.226" /><testcase classname="tests.test_lottery.TestPeriodCRUD" name="test_create_period_forbidden_sales" time="0.110" /><testcase classname="tests.test_lottery.TestPeriodCRUD" name="test_invalid_dates" time="0.119" /><testcase classname="tests.test_lottery.TestPeriodCRUD" name="test_invalid_winner_count" time="0.133" /><testcase classname="tests.test_lottery.TestPeriodCRUD" name="test_activate_deactivates_others" time="0.522"><failure message="AssertionError: assert 'ea06f5cd-4ed...-0cf691ba149e' == '5864a8db-ba8...-e87f9c93ecc2'&#10;  &#10;  - 5864a8db-ba88-4e05-9acf-e87f9c93ecc2&#10;  + ea06f5cd-4ed2-4456-a75e-0cf691ba149e">backend/tests/test_lottery.py:142: in test_activate_deactivates_others
    assert active["id"] == p2["id"]
E   AssertionError: assert 'ea06f5cd-4ed...-0cf691ba149e' == '5864a8db-ba8...-e87f9c93ecc2'
E     
E     - 5864a8db-ba88-4e05-9acf-e87f9c93ecc2
E     + ea06f5cd-4ed2-4456-a75e-0cf691ba149e</failure></testcase><testcase classname="tests.test_lottery.TestTicketAutoGen" name="test_empty_gallon_returns_no_tickets" time="0.995" /><testcase classname="tests.test_lottery.TestPeriodCRUD" name="test_patch_period" time="0.421" /><testcase classname="tests.test_lottery.TestPeriodCRUD" name="test_patch_invalid_dates" time="0.370" /><testcase classname="tests.test_lottery.TestTicketAutoGen" name="test_non_gallon_unit_no_tickets" time="0.853" /><testcase classname="tests.test_lottery.TestPeriodCRUD" name="test_delete_period_ok_when_no_tickets" time="0.338" /><testcase classname="tests.test_lottery.TestPeriodCRUD" name="test_active_period_endpoint" time="0.801" /><testcase classname="tests.test_lottery.TestTicketAutoGen" name="test_no_active_period_no_tickets" time="1.009" /><testcase classname="tests.test_lottery.TestTicketAutoGen" name="test_delete_txn_removes_tickets" time="2.053" /><testcase classname="tests.test_lottery_v2.TestPeriodPrizeDescription" name="test_create_with_prize_and_desc" time="2.089" /><testcase classname="tests.test_lottery_v2.TestPeriodPrizeDescription" name="test_create_without_fields_nullable" time="0.222" /><testcase classname="tests.test_lottery_v2.TestPeriodPrizeDescription" name="test_active_endpoint_returns_prize_desc" time="0.791" /><testcase classname="tests.test_lottery_v2.TestPeriodPrizeDescription" name="test_patch_updates_prize_and_desc" time="0.700" /><testcase classname="tests.test_lottery_v2.TestPeriodPrizeDescription" name="test_patch_empty_string_treated_as_none" time="0.873" /><testcase classname="tests.test_lottery_v2.TestListAllWinners" name="test_endpoint_reachable_super_admin" time="1.867" /><testcase classname="tests.test_lottery_v2.TestListAllWinners" name="test_endpoint_reachable_admin_and_sales" time="0.415" /><testcase classname="tests.test_lottery_v2.TestListAllWinners" name="test_role_scoping_end_to_end" time="71.550" /><testcase classname="tests.test_lottery.TestRBACtickets" name="test_sales_sees_only_own_tickets" time="72.414" /><testcase classname="tests.test_lottery_v2.TestListAllWinners" name="test_seeded_august_period_has_winners" time="0.188" /><testcase classname="tests.test_lottery_v2.TestTicketCustomerWa" name="test_ticket_has_customer_wa" time="21.137" /><testcase classname="tests.test_lottery.TestRBACtickets" name="test_sales_cannot_draw_or_activate" time="0.841" /><testcase classname="tests.test_lottery.TestDraw" name="test_draw_random_winners" time="19.106" /><testcase classname="tests.test_lottery.TestDraw" name="test_draw_no_tickets_400" time="0.492" /><testcase classname="tests.test_lottery_v2.TestTicketCustomerWa" name="test_ticket_customer_wa_empty_when_missing" time="2.208" /><testcase classname="tests.test_lottery_v2.TestDrawIncludesCustomerWa" name="test_draw_winners_have_customer_wa" time="4.052" /><testcase classname="tests.test_lottery.TestStats" name="test_lottery_stats_shape" time="3.484" /></testsuite></testsuites>