<?xml version="1.0" encoding="utf-8"?><testsuites name="pytest tests"><testsuite name="pytest" errors="0" failures="0" skipped="0" tests="43" time="9.833" timestamp="2026-08-11T23:12:47.245387+00:00" hostname="agent-env-dc7c2ee6-43cf-4cf2-bd26-9b0e833da306"><testcase classname="tests.test_refactor_smoke.TestHealth" name="test_health_ok" time="0.196" /><testcase classname="tests.test_refactor_smoke.TestAuth" name="test_login_returns_token_user" time="0.347" /><testcase classname="tests.test_refactor_smoke.TestAuth" name="test_wrong_password_401" time="0.324" /><testcase classname="tests.test_refactor_smoke.TestAuth" name="test_me" time="1.794" /><testcase classname="tests.test_refactor_smoke.TestAuth" name="test_me_no_token_401" time="0.092" /><testcase classname="tests.test_refactor_smoke.TestAuth" name="test_logout" time="0.104" /><testcase classname="tests.test_refactor_smoke.TestAuth" name="test_session_missing_body" time="0.156" /><testcase classname="tests.test_refactor_smoke.TestUsers" name="test_super_list_all" time="0.101" /><testcase classname="tests.test_refactor_smoke.TestUsers" name="test_admin_scoped_list" time="0.104" /><testcase classname="tests.test_refactor_smoke.TestUsers" name="test_sales_forbidden_list" time="0.102" /><testcase classname="tests.test_refactor_smoke.TestProducts" name="test_list" time="0.114" /><testcase classname="tests.test_refactor_smoke.TestProducts" name="test_super_crud" time="0.324" /><testcase classname="tests.test_refactor_smoke.TestProducts" name="test_sales_forbidden_create" time="0.102" /><testcase classname="tests.test_refactor_smoke.TestCustomers" name="test_sales_create" time="0.099" /><testcase classname="tests.test_refactor_smoke.TestCustomers" name="test_list_sort" time="0.457" /><testcase classname="tests.test_refactor_smoke.TestTransactionsSmoke" name="test_txn_create_and_list" time="0.418" /><testcase classname="tests.test_refactor_smoke.TestReports" name="test_daily" time="0.098" /><testcase classname="tests.test_refactor_smoke.TestReports" name="test_monthly_get" time="0.220" /><testcase classname="tests.test_refactor_smoke.TestReports" name="test_monthly_patch_super" time="0.215" /><testcase classname="tests.test_refactor_smoke.TestPartPrices" name="test_list" time="0.102" /><testcase classname="tests.test_refactor_smoke.TestPartPrices" name="test_super_crud" time="0.306" /><testcase classname="tests.test_refactor_smoke.TestSettings" name="test_get_and_put" time="0.208" /><testcase classname="tests.test_refactor_smoke.TestExpenses" name="test_list" time="0.162" /><testcase classname="tests.test_refactor_smoke.TestExpenses" name="test_crud" time="0.346" /><testcase classname="tests.test_refactor_smoke.TestLocations" name="test_ping" time="0.097" /><testcase classname="tests.test_refactor_smoke.TestLocations" name="test_live_admin" time="0.106" /><testcase classname="tests.test_refactor_smoke.TestLocations" name="test_live_forbid_sales" time="0.092" /><testcase classname="tests.test_refactor_smoke.TestLocations" name="test_history" time="0.200" /><testcase classname="tests.test_refactor_smoke.TestOverview" name="test_super" time="0.166" /><testcase classname="tests.test_refactor_smoke.TestLottery" name="test_periods_list" time="0.102" /><testcase classname="tests.test_refactor_smoke.TestLottery" name="test_tickets_list" time="0.099" /><testcase classname="tests.test_refactor_smoke.TestLottery" name="test_stats" time="0.094" /><testcase classname="tests.test_refactor_smoke.TestLottery" name="test_winners" time="0.112" /><testcase classname="tests.test_refactor_smoke.TestShifts" name="test_get" time="0.109" /><testcase classname="tests.test_refactor_smoke.TestShifts" name="test_put_super" time="0.094" /><testcase classname="tests.test_refactor_smoke.TestProduction" name="test_get_daily" time="1.256" /><testcase classname="tests.test_refactor_smoke.TestProduction" name="test_get_draft_empty" time="0.100" /><testcase classname="tests.test_refactor_smoke.TestWarehouse" name="test_get_daily" time="0.110" /><testcase classname="tests.test_refactor_smoke.TestWarehouse" name="test_get_incoming" time="0.099" /><testcase classname="tests.test_refactor_smoke.TestWarehouse" name="test_get_stock" time="0.103" /><testcase classname="tests.test_refactor_smoke.TestWarehouse" name="test_get_discrepancy" time="0.106" /><testcase classname="tests.test_refactor_smoke.TestAI" name="test_no_auth" time="0.092" /><testcase classname="tests.test_refactor_smoke.TestAI" name="test_with_auth_no_image" time="0.100" /></testsuite></testsuites>