<?xml version="1.0" encoding="utf-8"?><testsuites name="pytest tests"><testsuite name="pytest" errors="0" failures="0" skipped="0" tests="33" time="93.691" timestamp="2026-08-04T01:13:44.102818+00:00" hostname="agent-env-dc7c2ee6-43cf-4cf2-bd26-9b0e833da306"><testcase classname="tests.test_lottery_v2.TestPeriodPrizeDescription" name="test_create_with_prize_and_desc" time="2.097" /><testcase classname="tests.test_lottery_v2.TestPeriodPrizeDescription" name="test_create_without_fields_nullable" time="0.221" /><testcase classname="tests.test_lottery_v2.TestPeriodPrizeDescription" name="test_active_endpoint_returns_prize_desc" time="0.604" /><testcase classname="tests.test_lottery_v2.TestPeriodPrizeDescription" name="test_patch_updates_prize_and_desc" time="0.361" /><testcase classname="tests.test_lottery_v2.TestPeriodPrizeDescription" name="test_patch_empty_string_treated_as_none" time="0.343" /><testcase classname="tests.test_lottery_v2.TestTicketCustomerWa" name="test_ticket_has_customer_wa" time="1.045" /><testcase classname="tests.test_lottery_v2.TestTicketCustomerWa" name="test_ticket_customer_wa_empty_when_missing" time="1.007" /><testcase classname="tests.test_lottery_v2.TestDrawIncludesCustomerWa" name="test_draw_winners_have_customer_wa" time="0.901" /><testcase classname="tests.test_lottery_v2.TestListAllWinners" name="test_endpoint_reachable_super_admin" time="0.133" /><testcase classname="tests.test_lottery_v2.TestListAllWinners" name="test_endpoint_reachable_admin_and_sales" time="0.214" /><testcase classname="tests.test_lottery_v2.TestListAllWinners" name="test_role_scoping_end_to_end" time="2.892" /><testcase classname="tests.test_lottery_v2.TestListAllWinners" name="test_seeded_august_period_has_winners" time="0.134" /><testcase classname="tests.test_lottery.TestPeriodCRUD" name="test_create_period_super" time="2.314" /><testcase classname="tests.test_lottery.TestPeriodCRUD" name="test_list_periods" time="0.153" /><testcase classname="tests.test_lottery.TestPeriodCRUD" name="test_create_period_forbidden_admin" time="0.099" /><testcase classname="tests.test_lottery.TestPeriodCRUD" name="test_create_period_forbidden_sales" time="0.097" /><testcase classname="tests.test_lottery.TestPeriodCRUD" name="test_invalid_dates" time="1.613" /><testcase classname="tests.test_lottery.TestPeriodCRUD" name="test_invalid_winner_count" time="0.201" /><testcase classname="tests.test_lottery.TestPeriodCRUD" name="test_activate_deactivates_others" time="0.838" /><testcase classname="tests.test_lottery.TestPeriodCRUD" name="test_patch_period" time="0.367" /><testcase classname="tests.test_lottery.TestPeriodCRUD" name="test_patch_invalid_dates" time="0.351" /><testcase classname="tests.test_lottery.TestPeriodCRUD" name="test_delete_period_ok_when_no_tickets" time="0.234" /><testcase classname="tests.test_lottery.TestPeriodCRUD" name="test_active_period_endpoint" time="0.467" /><testcase classname="tests.test_lottery.TestTicketAutoGen" name="test_gallon_qty3_generates_3_tickets" time="68.894" /><testcase classname="tests.test_lottery.TestTicketAutoGen" name="test_empty_gallon_returns_no_tickets" time="0.791" /><testcase classname="tests.test_lottery.TestTicketAutoGen" name="test_non_gallon_unit_no_tickets" time="0.801" /><testcase classname="tests.test_lottery.TestTicketAutoGen" name="test_no_active_period_no_tickets" time="0.611" /><testcase classname="tests.test_lottery.TestTicketAutoGen" name="test_delete_txn_removes_tickets" time="0.997" /><testcase classname="tests.test_lottery.TestRBACtickets" name="test_sales_sees_only_own_tickets" time="1.623" /><testcase classname="tests.test_lottery.TestRBACtickets" name="test_sales_cannot_draw_or_activate" time="0.808" /><testcase classname="tests.test_lottery.TestDraw" name="test_draw_random_winners" time="1.141" /><testcase classname="tests.test_lottery.TestDraw" name="test_draw_no_tickets_400" time="0.320" /><testcase classname="tests.test_lottery.TestStats" name="test_lottery_stats_shape" time="0.952" /></testsuite></testsuites>