<?xml version="1.0" encoding="utf-8"?><testsuites name="pytest tests"><testsuite name="pytest" errors="0" failures="2" skipped="0" tests="33" time="57.470" timestamp="2026-08-04T01:58:06.447468+00:00" hostname="agent-env-dc7c2ee6-43cf-4cf2-bd26-9b0e833da306"><testcase classname="tests.test_lottery_v2.TestPeriodPrizeDescription" name="test_create_with_prize_and_desc" time="2.910" /><testcase classname="tests.test_lottery.TestPeriodCRUD" name="test_create_period_super" time="3.120" /><testcase classname="tests.test_lottery_v2.TestPeriodPrizeDescription" name="test_create_without_fields_nullable" time="0.238" /><testcase classname="tests.test_lottery.TestPeriodCRUD" name="test_list_periods" time="0.140" /><testcase classname="tests.test_lottery_v2.TestPeriodPrizeDescription" name="test_active_endpoint_returns_prize_desc" time="0.740" /><testcase classname="tests.test_lottery.TestPeriodCRUD" name="test_create_period_forbidden_admin" time="0.119" /><testcase classname="tests.test_lottery.TestPeriodCRUD" name="test_create_period_forbidden_sales" time="0.188" /><testcase classname="tests.test_lottery.TestPeriodCRUD" name="test_invalid_dates" time="0.114" /><testcase classname="tests.test_lottery.TestPeriodCRUD" name="test_invalid_winner_count" time="0.113" /><testcase classname="tests.test_lottery.TestPeriodCRUD" name="test_activate_deactivates_others" time="0.894" /><testcase classname="tests.test_lottery_v2.TestPeriodPrizeDescription" name="test_patch_updates_prize_and_desc" time="0.385" /><testcase classname="tests.test_lottery_v2.TestPeriodPrizeDescription" name="test_patch_empty_string_treated_as_none" time="0.330" /><testcase classname="tests.test_lottery.TestPeriodCRUD" name="test_patch_period" time="0.624" /><testcase classname="tests.test_lottery.TestPeriodCRUD" name="test_patch_invalid_dates" time="0.661" /><testcase classname="tests.test_lottery.TestPeriodCRUD" name="test_delete_period_ok_when_no_tickets" time="0.658" /><testcase classname="tests.test_lottery.TestTicketAutoGen" name="test_gallon_qty3_generates_3_tickets" time="3.239" /><testcase classname="tests.test_lottery.TestPeriodCRUD" name="test_active_period_endpoint" time="0.511" /><testcase classname="tests.test_lottery.TestTicketAutoGen" name="test_empty_gallon_returns_no_tickets" time="1.254" /><testcase classname="tests.test_lottery_v2.TestListAllWinners" name="test_endpoint_reachable_super_admin" time="1.904" /><testcase classname="tests.test_lottery_v2.TestListAllWinners" name="test_endpoint_reachable_admin_and_sales" time="0.223" /><testcase classname="tests.test_lottery.TestTicketAutoGen" name="test_non_gallon_unit_no_tickets" time="0.831" /><testcase classname="tests.test_lottery_v2.TestListAllWinners" name="test_role_scoping_end_to_end" time="1.524"><failure message="AssertionError: assert 3 == 4&#10; +  where 3 = len([{'rank': 1, 'ticket_code': 'OXLY-1LUQH8', 'customer_id': '5be8c0a1-468d-4a0b-ab93-71462134add0', 'customer_name': 'TEST_V2_C_98834f', ...}, {'rank': 2, 'ticket_code': 'OXLY-9N62QC', 'customer_id': '5be8c0a1-468d-4a0b-ab93-71462134add0', 'customer_name': 'TEST_V2_C_98834f', ...}, {'rank': 3, 'ticket_code': 'OXLY-27O301', 'customer_id': '5be8c0a1-468d-4a0b-ab93-71462134add0', 'customer_name': 'TEST_V2_C_98834f', ...}])">backend/tests/test_lottery_v2.py:279: in test_role_scoping_end_to_end
    assert len(winners) == 4
E   AssertionError: assert 3 == 4
E    +  where 3 = len([{'rank': 1, 'ticket_code': 'OXLY-1LUQH8', 'customer_id': '5be8c0a1-468d-4a0b-ab93-71462134add0', 'customer_name': 'TEST_V2_C_98834f', ...}, {'rank': 2, 'ticket_code': 'OXLY-9N62QC', 'customer_id': '5be8c0a1-468d-4a0b-ab93-71462134add0', 'customer_name': 'TEST_V2_C_98834f', ...}, {'rank': 3, 'ticket_code': 'OXLY-27O301', 'customer_id': '5be8c0a1-468d-4a0b-ab93-71462134add0', 'customer_name': 'TEST_V2_C_98834f', ...}])</failure></testcase><testcase classname="tests.test_lottery.TestTicketAutoGen" name="test_no_active_period_no_tickets" time="0.650" /><testcase classname="tests.test_lottery.TestTicketAutoGen" name="test_delete_txn_removes_tickets" time="2.058" /><testcase classname="tests.test_lottery_v2.TestListAllWinners" name="test_seeded_august_period_has_winners" time="0.157" /><testcase classname="tests.test_lottery_v2.TestTicketCustomerWa" name="test_ticket_has_customer_wa" time="38.363" /><testcase classname="tests.test_lottery.TestRBACtickets" name="test_sales_sees_only_own_tickets" time="37.455" /><testcase classname="tests.test_lottery_v2.TestTicketCustomerWa" name="test_ticket_customer_wa_empty_when_missing" time="1.174" /><testcase classname="tests.test_lottery.TestRBACtickets" name="test_sales_cannot_draw_or_activate" time="0.858" /><testcase classname="tests.test_lottery.TestDraw" name="test_draw_random_winners" time="3.406"><failure message="AssertionError: {&quot;detail&quot;:&quot;Belum ada tiket di periode ini&quot;}&#10;assert 400 == 200&#10; +  where 400 = &lt;Response [400]&gt;.status_code">backend/tests/test_lottery.py:376: in test_draw_random_winners
    assert rd.status_code == 200, rd.text
E   AssertionError: {"detail":"Belum ada tiket di periode ini"}
E   assert 400 == 200
E    +  where 400 = &lt;Response [400]&gt;.status_code</failure></testcase><testcase classname="tests.test_lottery_v2.TestDrawIncludesCustomerWa" name="test_draw_winners_have_customer_wa" time="3.262" /><testcase classname="tests.test_lottery.TestDraw" name="test_draw_no_tickets_400" time="0.328" /><testcase classname="tests.test_lottery.TestStats" name="test_lottery_stats_shape" time="2.951" /></testsuite></testsuites>