<?xml version="1.0" encoding="utf-8"?><testsuites name="pytest tests"><testsuite name="pytest" errors="0" failures="0" skipped="0" tests="18" time="5.184" timestamp="2026-08-04T22:32:52.155161+00:00" hostname="agent-env-dc7c2ee6-43cf-4cf2-bd26-9b0e833da306"><testcase classname="tests.test_customers_sort" name="test_sort_values_return_200[no]" time="0.615" /><testcase classname="tests.test_customers_sort" name="test_sort_values_return_200[ranking]" time="0.149" /><testcase classname="tests.test_customers_sort" name="test_sort_values_return_200[recent]" time="0.178" /><testcase classname="tests.test_customers_sort" name="test_sort_values_return_200[last]" time="0.212" /><testcase classname="tests.test_customers_sort" name="test_sort_values_return_200[loans]" time="0.166" /><testcase classname="tests.test_customers_sort" name="test_sort_values_return_200[debt]" time="0.250" /><testcase classname="tests.test_customers_sort" name="test_invalid_sort_returns_422" time="0.144" /><testcase classname="tests.test_customers_sort" name="test_sort_last_places_nulls_at_end_and_asc" time="0.205" /><testcase classname="tests.test_customers_sort" name="test_sort_recent_places_purchases_first_desc" time="0.160" /><testcase classname="tests.test_customers_sort" name="test_sort_ranking_by_total_purchases_desc" time="0.168" /><testcase classname="tests.test_customers_sort" name="test_sort_debt_by_total_debt_desc" time="0.144" /><testcase classname="tests.test_customers_sort" name="test_sort_loans_by_gallon_loans_desc" time="0.146" /><testcase classname="tests.test_customers_sort" name="test_sort_no_by_customer_no_asc" time="0.119" /><testcase classname="tests.test_customers_sort" name="test_sales_only_sees_own_customers" time="0.586" /><testcase classname="tests.test_customers_sort" name="test_adminA_sees_only_group_A" time="0.463" /><testcase classname="tests.test_customers_sort" name="test_adminB_sees_only_group_B" time="0.477" /><testcase classname="tests.test_customers_sort" name="test_super_admin_sales_id_filter" time="0.374" /><testcase classname="tests.test_customers_sort" name="test_super_admin_scope_is_superset" time="0.260" /></testsuite></testsuites>