<?xml version="1.0" encoding="utf-8"?><testsuites name="pytest tests"><testsuite name="pytest" errors="0" failures="0" skipped="0" tests="9" time="2.823" timestamp="2026-08-09T20:17:16.452336+00:00" hostname="agent-env-dc7c2ee6-43cf-4cf2-bd26-9b0e833da306"><testcase classname="tests.test_new_features.TestExpenseWithPhotoAndEdit" name="test_expense_photo_and_edit_flow" time="1.577" /><testcase classname="tests.test_new_features.TestResetGuards" name="test_reset_sales_missing_confirm" time="1.443" /><testcase classname="tests.test_new_features.TestResetGuards" name="test_reset_sales_wrong_confirm" time="0.043" /><testcase classname="tests.test_new_features.TestResetGuards" name="test_reset_sales_by_sales_role" time="0.043" /><testcase classname="tests.test_new_features.TestResetGuards" name="test_reset_all_by_admin_role" time="0.044" /><testcase classname="tests.test_new_features.TestResetGuards" name="test_reset_all_by_admin_role_with_valid_confirm" time="0.043" /><testcase classname="tests.test_new_features.TestGpsFilter" name="test_gps_filter_flow" time="0.224" /><testcase classname="tests.test_new_features.TestSettingsRbac" name="test_settings_rbac_and_values" time="0.215" /><testcase classname="tests.test_new_features.TestCreateUserNoGoogleEmail" name="test_create_two_admins_without_google_email" time="0.624" /></testsuite></testsuites>