<?xml version="1.0" encoding="utf-8"?><testsuites name="pytest tests"><testsuite name="pytest" errors="0" failures="0" skipped="1" tests="18" time="3.592" timestamp="2026-08-08T03:27:03.047166+00:00" hostname="agent-env-dc7c2ee6-43cf-4cf2-bd26-9b0e833da306"><testcase classname="tests.test_produksi_gudang.TestProductionDaily" name="test_create_production_daily" time="3.146" /><testcase classname="tests.test_produksi_gudang.TestWarehouseFlow" name="test_stock_before" time="3.147" /><testcase classname="tests.test_produksi_gudang.TestWarehouseFlow" name="test_add_incoming_galon" time="0.004" /><testcase classname="tests.test_produksi_gudang.TestProductionDaily" name="test_list_shows_entry" time="0.004" /><testcase classname="tests.test_produksi_gudang.TestProductionDaily" name="test_edit_once_succeeds" time="0.004" /><testcase classname="tests.test_produksi_gudang.TestWarehouseFlow" name="test_stock_increased" time="0.004" /><testcase classname="tests.test_produksi_gudang.TestProductionDaily" name="test_edit_second_time_forbidden" time="0.003" /><testcase classname="tests.test_produksi_gudang.TestWarehouseFlow" name="test_create_warehouse_daily" time="0.003" /><testcase classname="tests.test_produksi_gudang.TestProductionDaily" name="test_produksi_delete_forbidden" time="0.002" /><testcase classname="tests.test_produksi_gudang.TestWarehouseFlow" name="test_validate_sales" time="0.003" /><testcase classname="tests.test_produksi_gudang" name="test_health" time="0.002" /><testcase classname="tests.test_produksi_gudang.TestWarehouseFlow" name="test_edit_wh_once" time="0.003" /><testcase classname="tests.test_produksi_gudang" name="test_produksi_login_has_kelompok" time="0.000" /><testcase classname="tests.test_produksi_gudang" name="test_gudang_login_has_kelompok" time="0.000" /><testcase classname="tests.test_produksi_gudang" name="test_cleanup" time="0.000"><skipped type="pytest.skip" message="superadmin login failed - cleanup skipped">/app/backend/tests/test_produksi_gudang.py:277: superadmin login failed - cleanup skipped</skipped></testcase><testcase classname="tests.test_produksi_gudang.TestMonthlyReport" name="test_report_parts_auto_and_prod_wh_summary" time="0.007" /><testcase classname="tests.test_produksi_gudang.TestWarehouseFlow" name="test_edit_wh_twice_forbidden" time="0.003" /><testcase classname="tests.test_produksi_gudang.TestWarehouseFlow" name="test_gudang_delete_daily_forbidden" time="0.002" /></testsuite></testsuites>