<?xml version="1.0" encoding="utf-8"?><testsuites name="pytest tests"><testsuite name="pytest" errors="0" failures="0" skipped="0" tests="33" time="83.791" timestamp="2026-08-04T01:27:17.193421+00:00" hostname="agent-env-dc7c2ee6-43cf-4cf2-bd26-9b0e833da306"><testcase classname="tests.test_lottery_v2.TestPeriodPrizeDescription" name="test_create_with_prize_and_desc" time="2.386" /><testcase classname="tests.test_lottery_v2.TestPeriodPrizeDescription" name="test_create_without_fields_nullable" time="0.236" /><testcase classname="tests.test_lottery_v2.TestPeriodPrizeDescription" name="test_active_endpoint_returns_prize_desc" time="0.670" /><testcase classname="tests.test_lottery_v2.TestPeriodPrizeDescription" name="test_patch_updates_prize_and_desc" time="0.336" /><testcase classname="tests.test_lottery_v2.TestPeriodPrizeDescription" name="test_patch_empty_string_treated_as_none" time="0.444" /><testcase classname="tests.test_lottery_v2.TestTicketCustomerWa" name="test_ticket_has_customer_wa" time="1.090" /><testcase classname="tests.test_lottery_v2.TestTicketCustomerWa" name="test_ticket_customer_wa_empty_when_missing" time="1.026" /><testcase classname="tests.test_lottery_v2.TestDrawIncludesCustomerWa" name="test_draw_winners_have_customer_wa" time="0.872" /><testcase classname="tests.test_lottery_v2.TestListAllWinners" name="test_endpoint_reachable_super_admin" time="0.123" /><testcase classname="tests.test_lottery_v2.TestListAllWinners" name="test_endpoint_reachable_admin_and_sales" time="0.222" /><testcase classname="tests.test_lottery_v2.TestListAllWinners" name="test_role_scoping_end_to_end" time="2.095" /><testcase classname="tests.test_lottery_v2.TestListAllWinners" name="test_seeded_august_period_has_winners" time="0.132" /><testcase classname="tests.test_lottery.TestPeriodCRUD" name="test_create_period_super" time="2.318" /><testcase classname="tests.test_lottery.TestPeriodCRUD" name="test_list_periods" time="0.124" /><testcase classname="tests.test_lottery.TestPeriodCRUD" name="test_create_period_forbidden_admin" time="0.102" /><testcase classname="tests.test_lottery.TestPeriodCRUD" name="test_create_period_forbidden_sales" time="0.097" /><testcase classname="tests.test_lottery.TestPeriodCRUD" name="test_invalid_dates" time="0.113" /><testcase classname="tests.test_lottery.TestPeriodCRUD" name="test_invalid_winner_count" time="0.100" /><testcase classname="tests.test_lottery.TestPeriodCRUD" name="test_activate_deactivates_others" time="0.745" /><testcase classname="tests.test_lottery.TestPeriodCRUD" name="test_patch_period" time="0.311" /><testcase classname="tests.test_lottery.TestPeriodCRUD" name="test_patch_invalid_dates" time="0.332" /><testcase classname="tests.test_lottery.TestPeriodCRUD" name="test_delete_period_ok_when_no_tickets" time="0.241" /><testcase classname="tests.test_lottery.TestPeriodCRUD" name="test_active_period_endpoint" time="0.456" /><testcase classname="tests.test_lottery.TestTicketAutoGen" name="test_gallon_qty3_generates_3_tickets" time="0.813" /><testcase classname="tests.test_lottery.TestTicketAutoGen" name="test_empty_gallon_returns_no_tickets" time="1.046" /><testcase classname="tests.test_lottery.TestTicketAutoGen" name="test_non_gallon_unit_no_tickets" time="1.061" /><testcase classname="tests.test_lottery.TestTicketAutoGen" name="test_no_active_period_no_tickets" time="20.944" /><testcase classname="tests.test_lottery.TestTicketAutoGen" name="test_delete_txn_removes_tickets" time="40.281" /><testcase classname="tests.test_lottery.TestRBACtickets" name="test_sales_sees_only_own_tickets" time="1.568" /><testcase classname="tests.test_lottery.TestRBACtickets" name="test_sales_cannot_draw_or_activate" time="0.725" /><testcase classname="tests.test_lottery.TestDraw" name="test_draw_random_winners" time="1.082" /><testcase classname="tests.test_lottery.TestDraw" name="test_draw_no_tickets_400" time="0.310" /><testcase classname="tests.test_lottery.TestStats" name="test_lottery_stats_shape" time="1.320" /></testsuite></testsuites>