<?xml version="1.0" encoding="utf-8"?><testsuites name="pytest tests"><testsuite name="pytest" errors="0" failures="2" skipped="0" tests="125" time="179.861" timestamp="2026-08-11T23:13:04.026308+00:00" hostname="agent-env-dc7c2ee6-43cf-4cf2-bd26-9b0e833da306"><testcase classname="tests.test_customers_sort" name="test_sort_values_return_200[no]" time="0.789" /><testcase classname="tests.test_customers_sort" name="test_sort_values_return_200[ranking]" time="0.308" /><testcase classname="tests.test_customers_sort" name="test_sort_values_return_200[recent]" time="0.312" /><testcase classname="tests.test_customers_sort" name="test_sort_values_return_200[last]" time="0.357" /><testcase classname="tests.test_customers_sort" name="test_sort_values_return_200[loans]" time="0.104" /><testcase classname="tests.test_customers_sort" name="test_sort_values_return_200[debt]" time="0.222" /><testcase classname="tests.test_customers_sort" name="test_invalid_sort_returns_422" time="0.094" /><testcase classname="tests.test_lottery.TestPeriodCRUD" name="test_create_period_super" time="2.380" /><testcase classname="tests.test_customers_sort" name="test_sort_last_places_nulls_at_end_and_asc" time="0.110" /><testcase classname="tests.test_customers_sort" name="test_sort_recent_places_purchases_first_desc" time="0.102" /><testcase classname="tests.test_lottery.TestPeriodCRUD" name="test_list_periods" time="0.104" /><testcase classname="tests.test_customers_sort" name="test_sort_ranking_by_total_purchases_desc" time="0.149" /><testcase classname="tests.test_lottery.TestPeriodCRUD" name="test_create_period_forbidden_admin" time="0.098" /><testcase classname="tests.test_customers_sort" name="test_sort_debt_by_total_debt_desc" time="0.098" /><testcase classname="tests.test_lottery.TestPeriodCRUD" name="test_create_period_forbidden_sales" time="0.109" /><testcase classname="tests.test_customers_sort" name="test_sort_loans_by_gallon_loans_desc" time="0.098" /><testcase classname="tests.test_lottery.TestPeriodCRUD" name="test_invalid_dates" time="0.105" /><testcase classname="tests.test_customers_sort" name="test_sort_no_by_customer_no_asc" time="0.098" /><testcase classname="tests.test_lottery.TestPeriodCRUD" name="test_invalid_winner_count" time="0.097" /><testcase classname="tests.test_lottery.TestPeriodCRUD" name="test_activate_deactivates_others" time="1.364" /><testcase classname="tests.test_customers_sort" name="test_sales_only_sees_own_customers" time="0.526" /><testcase classname="tests.test_customers_sort" name="test_adminA_sees_only_group_A" time="0.422" /><testcase classname="tests.test_customers_sort" name="test_adminB_sees_only_group_B" time="0.412" /><testcase classname="tests.test_customers_sort" name="test_super_admin_sales_id_filter" time="0.305" /><testcase classname="tests.test_lottery.TestPeriodCRUD" name="test_patch_period" time="0.425" /><testcase classname="tests.test_customers_sort" name="test_super_admin_scope_is_superset" time="0.211" /><testcase classname="tests.test_lottery.TestPeriodCRUD" name="test_patch_invalid_dates" time="0.688" /><testcase classname="tests.test_lottery.TestPeriodCRUD" name="test_delete_period_ok_when_no_tickets" time="0.648" /><testcase classname="tests.test_lottery.TestPeriodCRUD" name="test_active_period_endpoint" time="36.802" /><testcase classname="tests.test_produksi_gudang.TestWarehouseFlow" name="test_stock_before" time="70.556" /><testcase classname="tests.test_oxly_backend.TestAuth" name="test_login_super" time="30.416" /><testcase classname="tests.test_oxly_backend.TestAuth" name="test_login_adminA" time="0.353" /><testcase classname="tests.test_oxly_backend.TestAuth" name="test_login_A1" time="0.353" /><testcase classname="tests.test_oxly_backend.TestAuth" name="test_login_wrong_password" time="0.324" /><testcase classname="tests.test_produksi_gudang.TestWarehouseFlow" name="test_add_incoming_galon" time="0.329" /><testcase classname="tests.test_produksi_gudang.TestWarehouseFlow" name="test_stock_increased" time="0.334" /><testcase classname="tests.test_produksi_gudang.TestWarehouseFlow" name="test_create_warehouse_daily" time="0.094" /><testcase classname="tests.test_produksi_gudang.TestWarehouseFlow" name="test_validate_sales" time="0.257"><failure message="assert 210 == 70">E   assert 210 == 70</failure></testcase><testcase classname="tests.test_produksi_gudang.TestWarehouseFlow" name="test_edit_wh_once" time="0.116" /><testcase classname="tests.test_oxly_backend.TestAuth" name="test_me" time="2.209" /><testcase classname="tests.test_produksi_gudang.TestWarehouseFlow" name="test_edit_wh_twice_forbidden" time="0.144" /><testcase classname="tests.test_oxly_backend.TestAuth" name="test_me_no_token" time="0.094" /><testcase classname="tests.test_produksi_gudang.TestWarehouseFlow" name="test_gudang_delete_daily_forbidden" time="0.098" /><testcase classname="tests.test_oxly_backend.TestTransactions" name="test_txn_bayar_lunas_debt_zero" time="1.044" /><testcase classname="tests.test_oxly_backend.TestTransactions" name="test_txn_bayar_kurang_menambah_hutang" time="0.753" /><testcase classname="tests.test_oxly_backend.TestTransactions" name="test_sales_cannot_txn_for_other_group_customer" time="0.477" /><testcase classname="tests.test_oxly_backend.TestUsersRBAC" name="test_super_can_list_all" time="2.063" /><testcase classname="tests.test_oxly_backend.TestUsersRBAC" name="test_admin_sees_only_own_group_sales" time="0.108" /><testcase classname="tests.test_oxly_backend.TestUsersRBAC" name="test_sales_cannot_list" time="0.115" /><testcase classname="tests.test_oxly_backend.TestTransactions" name="test_sales_edit_once_then_second_400" time="0.813" /><testcase classname="tests.test_oxly_backend.TestUsersRBAC" name="test_admin_create_sales_own_group" time="0.422" /><testcase classname="tests.test_oxly_backend.TestUsersRBAC" name="test_admin_cannot_create_admin" time="0.097" /><testcase classname="tests.test_oxly_backend.TestCustomers" name="test_sales_creates_customer_auto_barcode" time="0.114"><failure message="AssertionError: assert False&#10; +  where False = &lt;built-in method startswith of str object at 0xf895c83aed70&gt;('OXLY-')&#10; +    where &lt;built-in method startswith of str object at 0xf895c83aed70&gt; = 'A1-OXLY-37'.startswith">E   AssertionError: assert False
     +  where False = &lt;built-in method startswith of str object at 0xf895c83aed70&gt;('OXLY-')
     +    where &lt;built-in method startswith of str object at 0xf895c83aed70&gt; = 'A1-OXLY-37'.startswith</failure></testcase><testcase classname="tests.test_oxly_backend.TestCustomers" name="test_sales_A_cannot_see_customer_B" time="0.245" /><testcase classname="tests.test_oxly_backend.TestTransactions" name="test_admin_cannot_edit_txn" time="0.431" /><testcase classname="tests.test_oxly_backend.TestCustomers" name="test_customers_list_filtered_by_group_for_sales" time="0.160" /><testcase classname="tests.test_oxly_backend.TestCustomers" name="test_customers_sort_options" time="0.480" /><testcase classname="tests.test_oxly_backend.TestTransactions" name="test_super_delete_txn_reverses_state" time="0.751" /><testcase classname="tests.test_oxly_backend.TestCustomers" name="test_lookup_barcode" time="0.259" /><testcase classname="tests.test_produksi_gudang.TestProductionDaily" name="test_create_production_daily" time="0.142" /><testcase classname="tests.test_produksi_gudang.TestProductionDaily" name="test_list_shows_entry" time="0.444" /><testcase classname="tests.test_produksi_gudang.TestProductionDaily" name="test_edit_once_succeeds" time="0.265" /><testcase classname="tests.test_produksi_gudang.TestProductionDaily" name="test_edit_second_time_forbidden" time="0.108" /><testcase classname="tests.test_new_features.TestResetGuards" name="test_reset_sales_missing_confirm" time="0.797" /><testcase classname="tests.test_new_features.TestResetGuards" name="test_reset_sales_wrong_confirm" time="0.043" /><testcase classname="tests.test_produksi_gudang.TestProductionDaily" name="test_produksi_delete_forbidden" time="0.102" /><testcase classname="tests.test_new_features.TestResetGuards" name="test_reset_sales_by_sales_role" time="0.043" /><testcase classname="tests.test_new_features.TestResetGuards" name="test_reset_all_by_admin_role" time="0.043" /><testcase classname="tests.test_new_features.TestResetGuards" name="test_reset_all_by_admin_role_with_valid_confirm" time="0.043" /><testcase classname="tests.test_lottery.TestTicketAutoGen" name="test_gallon_qty3_generates_3_tickets" time="71.910" /><testcase classname="tests.test_oxly_backend.TestProducts" name="test_list_products_default_seven" time="2.870" /><testcase classname="tests.test_oxly_backend.TestProducts" name="test_create_product_super" time="68.300" /><testcase classname="tests.test_oxly_backend.TestProducts" name="test_create_product_forbidden_admin" time="0.146" /><testcase classname="tests.test_oxly_backend.TestProducts" name="test_create_product_forbidden_sales" time="0.093" /><testcase classname="tests.test_lottery.TestTicketAutoGen" name="test_empty_gallon_returns_no_tickets" time="1.432" /><testcase classname="tests.test_ai_draft_iter19.TestProductionDraft" name="test_create_draft" time="0.907" /><testcase classname="tests.test_ai_draft_iter19.TestProductionDraft" name="test_get_draft" time="0.003" /><testcase classname="tests.test_ai_draft_iter19.TestProductionDraft" name="test_draft_upsert_updates_same_id" time="0.006" /><testcase classname="tests.test_ai_draft_iter19.TestProductionDraft" name="test_create_final_entry_different_shift" time="0.003" /><testcase classname="tests.test_ai_draft_iter19.TestWarehouseDraft" name="test_create_draft" time="0.003" /><testcase classname="tests.test_ai_draft_iter19.TestWarehouseDraft" name="test_get_draft" time="0.003" /><testcase classname="tests.test_ai_draft_iter19.TestWarehouseDraft" name="test_draft_upsert_updates_same_id" time="0.004" /><testcase classname="tests.test_ai_draft_iter19.TestWarehouseDraft" name="test_draft_no_match_returns_empty" time="0.013" /><testcase classname="tests.test_produksi_gudang" name="test_health" time="0.164" /><testcase classname="tests.test_lottery.TestTicketAutoGen" name="test_non_gallon_unit_no_tickets" time="1.125" /><testcase classname="tests.test_lottery.TestTicketAutoGen" name="test_no_active_period_no_tickets" time="0.724" /><testcase classname="tests.test_lottery.TestTicketAutoGen" name="test_delete_txn_removes_tickets" time="3.706" /><testcase classname="tests.test_produksi_gudang" name="test_produksi_login_has_kelompok" time="3.259" /><testcase classname="tests.test_produksi_gudang" name="test_gudang_login_has_kelompok" time="0.000" /><testcase classname="tests.test_produksi_gudang" name="test_cleanup" time="0.000" /><testcase classname="tests.test_ai_draft_iter19.TestAiCountReachable" name="test_ai_endpoint_requires_auth" time="0.904" /><testcase classname="tests.test_ai_draft_iter19.TestAiCountReachable" name="test_ai_endpoint_missing_field_422" time="0.002" /><testcase classname="tests.test_ai_draft_iter19.TestAiCountReachable" name="test_ai_endpoint_present_and_auth_ok" time="1.583" /><testcase classname="tests.test_self_hosted_migration.TestSeedLogins" name="test_superadmin_login" time="0.317" /><testcase classname="tests.test_self_hosted_migration.TestSeedLogins" name="test_adminA_login" time="0.273" /><testcase classname="tests.test_self_hosted_migration.TestSeedLogins" name="test_sales_A1_login" time="0.267" /><testcase classname="tests.test_oxly_backend.TestLocation" name="test_sales_ping" time="2.940" /><testcase classname="tests.test_oxly_backend.TestReports" name="test_daily_report_super" time="2.802" /><testcase classname="tests.test_oxly_backend.TestLocation" name="test_admin_live" time="0.111" /><testcase classname="tests.test_oxly_backend.TestLocation" name="test_sales_cannot_live" time="0.091" /><testcase classname="tests.test_oxly_backend.TestReports" name="test_daily_report_admin_scoped" time="0.548" /><testcase classname="tests.test_oxly_backend.TestStats" name="test_overview_sales" time="0.277" /><testcase classname="tests.test_oxly_backend.TestStats" name="test_overview_super" time="0.251" /><testcase classname="tests.test_discrepancy.TestRegressionPriorEndpoints" name="test_warehouse_stock_gudang" time="1.959" /><testcase classname="tests.test_discrepancy.TestRegressionPriorEndpoints" name="test_expenses_sales" time="0.044" /><testcase classname="tests.test_lottery.TestDraw" name="test_draw_random_winners" time="4.266" /><testcase classname="tests.test_lottery.TestRBACtickets" name="test_sales_sees_only_own_tickets" time="4.728" /><testcase classname="tests.test_lottery.TestDraw" name="test_draw_no_tickets_400" time="0.317" /><testcase classname="tests.test_self_hosted_migration.TestCustomersSort" name="test_customers_sort_recent" time="0.366" /><testcase classname="tests.test_self_hosted_migration.TestCustomersSort" name="test_customers_sort_debt" time="0.316" /><testcase classname="tests.test_lottery.TestRBACtickets" name="test_sales_cannot_draw_or_activate" time="0.973" /><testcase classname="tests.test_new_features.TestGpsFilter" name="test_gps_filter_flow" time="0.972" /><testcase classname="tests.test_new_features.TestSettingsRbac" name="test_settings_rbac_and_values" time="0.218" /><testcase classname="tests.test_new_features.TestCreateUserNoGoogleEmail" name="test_create_two_admins_without_google_email" time="1.224" /><testcase classname="tests.test_new_features.TestExpenseWithPhotoAndEdit" name="test_expense_photo_and_edit_flow" time="1.996" /><testcase classname="tests.test_discrepancy.TestDiscrepancyFlow" name="test_merah_then_hijau_then_clear_then_restore" time="3.353" /><testcase classname="tests.test_discrepancy.TestWarehousePhotoFields" name="test_create_and_patch_photos" time="2.334" /><testcase classname="tests.test_discrepancy.TestClearHijauRBAC" name="test_rbac_denies_non_admin_and_wrong_group" time="0.393" /><testcase classname="tests.test_discrepancy.TestDiscrepancySummary" name="test_summary_aggregation_two_days" time="0.569" /><testcase classname="tests.test_produksi_gudang.TestMonthlyReport" name="test_report_parts_auto_and_prod_wh_summary" time="0.129" /><testcase classname="tests.test_self_hosted_migration.TestGoogleSessionInvalid" name="test_invalid_session_id_returns_401" time="0.383" /><testcase classname="tests.test_self_hosted_migration.TestLogout" name="test_logout_returns_ok" time="0.491" /><testcase classname="tests.test_self_hosted_migration.TestCORS" name="test_cors_wildcard_default" time="0.067" /><testcase classname="tests.test_lottery.TestStats" name="test_lottery_stats_shape" time="2.949" /><testcase classname="tests.test_self_hosted_migration.TestHealth" name="test_health_ok" time="0.105" /></testsuite></testsuites>