<?xml version="1.0" encoding="utf-8"?><testsuites name="pytest tests"><testsuite name="pytest" errors="0" failures="0" skipped="0" tests="11" time="2.646" timestamp="2026-08-11T22:23:52.518947+00:00" hostname="agent-env-dc7c2ee6-43cf-4cf2-bd26-9b0e833da306"><testcase classname="tests.test_ai_draft_iter19.TestProductionDraft" name="test_create_draft" time="0.929" /><testcase classname="tests.test_ai_draft_iter19.TestProductionDraft" name="test_get_draft" time="0.003" /><testcase classname="tests.test_ai_draft_iter19.TestProductionDraft" name="test_draft_upsert_updates_same_id" time="0.006" /><testcase classname="tests.test_ai_draft_iter19.TestProductionDraft" name="test_create_final_entry_different_shift" time="0.003" /><testcase classname="tests.test_ai_draft_iter19.TestWarehouseDraft" name="test_create_draft" time="0.003" /><testcase classname="tests.test_ai_draft_iter19.TestWarehouseDraft" name="test_get_draft" time="0.003" /><testcase classname="tests.test_ai_draft_iter19.TestWarehouseDraft" name="test_draft_upsert_updates_same_id" time="0.003" /><testcase classname="tests.test_ai_draft_iter19.TestWarehouseDraft" name="test_draft_no_match_returns_empty" time="0.003" /><testcase classname="tests.test_ai_draft_iter19.TestAiCountReachable" name="test_ai_endpoint_requires_auth" time="0.002" /><testcase classname="tests.test_ai_draft_iter19.TestAiCountReachable" name="test_ai_endpoint_missing_field_422" time="0.002" /><testcase classname="tests.test_ai_draft_iter19.TestAiCountReachable" name="test_ai_endpoint_present_and_auth_ok" time="1.618" /></testsuite></testsuites>