<?xml version="1.0" encoding="utf-8"?><testsuites name="pytest tests"><testsuite name="pytest" errors="0" failures="0" skipped="0" tests="17" time="2.420" timestamp="2026-08-05T03:34:59.143249+00:00" hostname="agent-env-dc7c2ee6-43cf-4cf2-bd26-9b0e833da306"><testcase classname="tests.test_google_auth.TestEmgSessionToken" name="test_seed_valid_and_expired_sessions" time="0.502" /><testcase classname="tests.test_google_auth.TestEmgSessionToken" name="test_me_with_valid_emg_token" time="0.218" /><testcase classname="tests.test_google_auth.TestGoogleEmailPatch" name="test_patch_self_google_email_ok" time="0.851" /><testcase classname="tests.test_google_auth.TestEmgSessionToken" name="test_me_with_expired_emg_token" time="0.133" /><testcase classname="tests.test_google_auth.TestGoogleEmailPatch" name="test_me_includes_google_email" time="0.109" /><testcase classname="tests.test_google_auth.TestEmgSessionToken" name="test_logout_with_emg_token" time="0.102" /><testcase classname="tests.test_google_auth.TestEmgSessionToken" name="test_me_after_logout_returns_401" time="0.177" /><testcase classname="tests.test_google_auth.TestGoogleEmailPatch" name="test_patch_other_user_same_email_409" time="0.231" /><testcase classname="tests.test_google_auth.TestEmgSessionToken" name="test_jwt_logout_does_not_invalidate" time="0.392" /><testcase classname="tests.test_google_auth.TestCreateUserGoogleEmail" name="test_create_user_with_google_email" time="0.332" /><testcase classname="tests.test_google_auth.TestCreateUserGoogleEmail" name="test_create_user_duplicate_google_email_409" time="0.100" /><testcase classname="tests.test_google_auth.TestEmgSessionToken" name="test_cleanup_expired_token" time="0.002" /><testcase classname="tests.test_google_auth.TestAuthSession" name="test_invalid_session_id_returns_401" time="0.221" /><testcase classname="tests.test_google_auth.TestCreateUserGoogleEmail" name="test_cleanup_created_users" time="0.098" /><testcase classname="tests.test_google_auth.TestLegacyLogin" name="test_superadmin_login_returns_jwt" time="0.000" /><testcase classname="tests.test_google_auth.TestAuthSession" name="test_missing_session_id_returns_422" time="0.144" /><testcase classname="tests.test_google_auth.TestFinalCleanup" name="test_clear_google_email" time="0.101" /></testsuite></testsuites>