<?xml version="1.0" encoding="utf-8"?><testsuites name="pytest tests"><testsuite name="pytest" errors="0" failures="0" skipped="0" tests="9" time="1.947" timestamp="2026-08-06T07:40:16.218420+00:00" hostname="agent-env-dc7c2ee6-43cf-4cf2-bd26-9b0e833da306"><testcase classname="tests.test_self_hosted_migration.TestSeedLogins" name="test_superadmin_login" time="0.248" /><testcase classname="tests.test_self_hosted_migration.TestCustomersSort" name="test_customers_sort_recent" time="0.698" /><testcase classname="tests.test_self_hosted_migration.TestSeedLogins" name="test_adminA_login" time="0.485" /><testcase classname="tests.test_self_hosted_migration.TestCustomersSort" name="test_customers_sort_debt" time="0.493" /><testcase classname="tests.test_self_hosted_migration.TestSeedLogins" name="test_sales_A1_login" time="0.452" /><testcase classname="tests.test_self_hosted_migration.TestGoogleSessionInvalid" name="test_invalid_session_id_returns_401" time="0.364" /><testcase classname="tests.test_self_hosted_migration.TestHealth" name="test_health_ok" time="0.092" /><testcase classname="tests.test_self_hosted_migration.TestLogout" name="test_logout_returns_ok" time="0.308" /><testcase classname="tests.test_self_hosted_migration.TestCORS" name="test_cors_wildcard_default" time="0.002" /></testsuite></testsuites>