<?xml version="1.0" encoding="utf-8"?><testsuites name="pytest tests"><testsuite name="pytest" errors="0" failures="0" skipped="0" tests="21" time="13.096" timestamp="2026-08-04T00:36:53.250673+00:00" hostname="agent-env-dc7c2ee6-43cf-4cf2-bd26-9b0e833da306"><testcase classname="tests.test_lottery.TestPeriodCRUD" name="test_create_period_super" time="2.247" /><testcase classname="tests.test_lottery.TestPeriodCRUD" name="test_list_periods" time="0.101" /><testcase classname="tests.test_lottery.TestPeriodCRUD" name="test_create_period_forbidden_admin" time="0.119" /><testcase classname="tests.test_lottery.TestPeriodCRUD" name="test_create_period_forbidden_sales" time="0.107" /><testcase classname="tests.test_lottery.TestPeriodCRUD" name="test_invalid_dates" time="0.095" /><testcase classname="tests.test_lottery.TestPeriodCRUD" name="test_invalid_winner_count" time="0.111" /><testcase classname="tests.test_lottery.TestPeriodCRUD" name="test_activate_deactivates_others" time="0.743" /><testcase classname="tests.test_lottery.TestPeriodCRUD" name="test_patch_period" time="0.319" /><testcase classname="tests.test_lottery.TestPeriodCRUD" name="test_patch_invalid_dates" time="0.335" /><testcase classname="tests.test_lottery.TestPeriodCRUD" name="test_delete_period_ok_when_no_tickets" time="0.202" /><testcase classname="tests.test_lottery.TestPeriodCRUD" name="test_active_period_endpoint" time="0.462" /><testcase classname="tests.test_lottery.TestTicketAutoGen" name="test_gallon_qty3_generates_3_tickets" time="0.811" /><testcase classname="tests.test_lottery.TestTicketAutoGen" name="test_empty_gallon_returns_no_tickets" time="0.758" /><testcase classname="tests.test_lottery.TestTicketAutoGen" name="test_non_gallon_unit_no_tickets" time="0.734" /><testcase classname="tests.test_lottery.TestTicketAutoGen" name="test_no_active_period_no_tickets" time="0.497" /><testcase classname="tests.test_lottery.TestTicketAutoGen" name="test_delete_txn_removes_tickets" time="0.953" /><testcase classname="tests.test_lottery.TestRBACtickets" name="test_sales_sees_only_own_tickets" time="1.464" /><testcase classname="tests.test_lottery.TestRBACtickets" name="test_sales_cannot_draw_or_activate" time="0.656" /><testcase classname="tests.test_lottery.TestDraw" name="test_draw_random_winners" time="1.136" /><testcase classname="tests.test_lottery.TestDraw" name="test_draw_no_tickets_400" time="0.354" /><testcase classname="tests.test_lottery.TestStats" name="test_lottery_stats_shape" time="0.837" /></testsuite></testsuites>