<?xml version="1.0" encoding="utf-8"?><testsuites name="pytest tests"><testsuite name="pytest" errors="0" failures="1" skipped="0" tests="12" time="9.230" timestamp="2026-08-04T01:07:12.847673+00:00" hostname="agent-env-dc7c2ee6-43cf-4cf2-bd26-9b0e833da306"><testcase classname="tests.test_lottery_v2.TestPeriodPrizeDescription" name="test_create_with_prize_and_desc" time="2.390" /><testcase classname="tests.test_lottery_v2.TestPeriodPrizeDescription" name="test_create_without_fields_nullable" time="0.243" /><testcase classname="tests.test_lottery_v2.TestPeriodPrizeDescription" name="test_active_endpoint_returns_prize_desc" time="0.788" /><testcase classname="tests.test_lottery_v2.TestPeriodPrizeDescription" name="test_patch_updates_prize_and_desc" time="0.307" /><testcase classname="tests.test_lottery_v2.TestPeriodPrizeDescription" name="test_patch_empty_string_treated_as_none" time="0.194"><failure message="Failed: SPEC violation: PATCH with empty string should be treated as None but got empty string">backend/tests/test_lottery_v2.py:154: in test_patch_empty_string_treated_as_none
    pytest.fail("SPEC violation: PATCH with empty string should be treated as None but got empty string")
E   Failed: SPEC violation: PATCH with empty string should be treated as None but got empty string</failure></testcase><testcase classname="tests.test_lottery_v2.TestTicketCustomerWa" name="test_ticket_has_customer_wa" time="0.970" /><testcase classname="tests.test_lottery_v2.TestTicketCustomerWa" name="test_ticket_customer_wa_empty_when_missing" time="0.973" /><testcase classname="tests.test_lottery_v2.TestDrawIncludesCustomerWa" name="test_draw_winners_have_customer_wa" time="0.810" /><testcase classname="tests.test_lottery_v2.TestListAllWinners" name="test_endpoint_reachable_super_admin" time="0.097" /><testcase classname="tests.test_lottery_v2.TestListAllWinners" name="test_endpoint_reachable_admin_and_sales" time="0.210" /><testcase classname="tests.test_lottery_v2.TestListAllWinners" name="test_role_scoping_end_to_end" time="2.053" /><testcase classname="tests.test_lottery_v2.TestListAllWinners" name="test_seeded_august_period_has_winners" time="0.106" /></testsuite></testsuites>