<?xml version="1.0" encoding="utf-8"?><testsuites name="pytest tests"><testsuite name="pytest" errors="0" failures="0" skipped="0" tests="33" time="7.615" timestamp="2026-08-02T10:31:43.211276+00:00" hostname="agent-env-dc7c2ee6-43cf-4cf2-bd26-9b0e833da306"><testcase classname="tests.test_oxly_backend.TestAuth" name="test_login_super" time="0.506" /><testcase classname="tests.test_oxly_backend.TestAuth" name="test_login_adminA" time="0.446" /><testcase classname="tests.test_oxly_backend.TestAuth" name="test_login_A1" time="0.445" /><testcase classname="tests.test_oxly_backend.TestAuth" name="test_login_wrong_password" time="0.446" /><testcase classname="tests.test_oxly_backend.TestTransactions" name="test_txn_bayar_lunas_debt_zero" time="4.141" /><testcase classname="tests.test_oxly_backend.TestAuth" name="test_me" time="2.391" /><testcase classname="tests.test_oxly_backend.TestTransactions" name="test_txn_bayar_kurang_menambah_hutang" time="0.385" /><testcase classname="tests.test_oxly_backend.TestAuth" name="test_me_no_token" time="0.093" /><testcase classname="tests.test_oxly_backend.TestUsersRBAC" name="test_super_can_list_all" time="0.097" /><testcase classname="tests.test_oxly_backend.TestUsersRBAC" name="test_admin_sees_only_own_group_sales" time="0.095" /><testcase classname="tests.test_oxly_backend.TestUsersRBAC" name="test_sales_cannot_list" time="0.102" /><testcase classname="tests.test_oxly_backend.TestTransactions" name="test_sales_cannot_txn_for_other_group_customer" time="0.517" /><testcase classname="tests.test_oxly_backend.TestUsersRBAC" name="test_admin_create_sales_own_group" time="0.488" /><testcase classname="tests.test_oxly_backend.TestTransactions" name="test_sales_edit_once_then_second_400" time="0.525" /><testcase classname="tests.test_oxly_backend.TestUsersRBAC" name="test_admin_cannot_create_admin" time="0.140" /><testcase classname="tests.test_oxly_backend.TestCustomers" name="test_sales_creates_customer_auto_barcode" time="0.179" /><testcase classname="tests.test_oxly_backend.TestCustomers" name="test_sales_A_cannot_see_customer_B" time="0.200" /><testcase classname="tests.test_oxly_backend.TestTransactions" name="test_admin_cannot_edit_txn" time="0.439" /><testcase classname="tests.test_oxly_backend.TestCustomers" name="test_customers_list_filtered_by_group_for_sales" time="0.098" /><testcase classname="tests.test_oxly_backend.TestCustomers" name="test_customers_sort_options" time="0.396" /><testcase classname="tests.test_oxly_backend.TestTransactions" name="test_super_delete_txn_reverses_state" time="0.606" /><testcase classname="tests.test_oxly_backend.TestCustomers" name="test_lookup_barcode" time="0.238" /><testcase classname="tests.test_oxly_backend.TestLocation" name="test_sales_ping" time="0.099" /><testcase classname="tests.test_oxly_backend.TestLocation" name="test_admin_live" time="0.096" /><testcase classname="tests.test_oxly_backend.TestLocation" name="test_sales_cannot_live" time="0.095" /><testcase classname="tests.test_oxly_backend.TestProducts" name="test_list_products_default_seven" time="0.096" /><testcase classname="tests.test_oxly_backend.TestReports" name="test_daily_report_super" time="0.108" /><testcase classname="tests.test_oxly_backend.TestProducts" name="test_create_product_super" time="0.321" /><testcase classname="tests.test_oxly_backend.TestReports" name="test_daily_report_admin_scoped" time="0.100" /><testcase classname="tests.test_oxly_backend.TestStats" name="test_overview_sales" time="0.107" /><testcase classname="tests.test_oxly_backend.TestStats" name="test_overview_super" time="0.111" /><testcase classname="tests.test_oxly_backend.TestProducts" name="test_create_product_forbidden_admin" time="0.133" /><testcase classname="tests.test_oxly_backend.TestProducts" name="test_create_product_forbidden_sales" time="0.093" /></testsuite></testsuites>