<?xml version="1.0" encoding="utf-8"?><testsuites name="pytest tests"><testsuite name="pytest" errors="0" failures="1" skipped="0" tests="16" time="7.578" timestamp="2026-08-21T16:25:28.033327+00:00" hostname="agent-env-6812c1dd-3d55-4603-b508-96a47cd0cb8d"><testcase classname="tests.backend_test" name="test_login_super_success" time="0.457" /><testcase classname="tests.backend_test" name="test_login_wrong_password" time="0.303" /><testcase classname="tests.backend_test" name="test_overview_no_token" time="0.158" /><testcase classname="tests.backend_test" name="test_auth_me" time="0.509" /><testcase classname="tests.backend_test" name="test_overview_super_has_all_metrics[harian]" time="0.447" /><testcase classname="tests.backend_test" name="test_overview_super_has_all_metrics[mingguan]" time="0.181" /><testcase classname="tests.backend_test" name="test_overview_super_has_all_metrics[bulanan]" time="0.235" /><testcase classname="tests.backend_test" name="test_overview_sales_excludes_expenses" time="0.539" /><testcase classname="tests.backend_test" name="test_overview_sales_sales_less_than_super" time="0.404" /><testcase classname="tests.backend_test" name="test_trend_super[harian-14]" time="0.153" /><testcase classname="tests.backend_test" name="test_trend_super[mingguan-12]" time="0.151" /><testcase classname="tests.backend_test" name="test_trend_super[bulanan-12]" time="0.199" /><testcase classname="tests.backend_test" name="test_trend_sales_no_expenses" time="0.195" /><testcase classname="tests.backend_test" name="test_trend_invalid_range" time="0.212" /><testcase classname="tests.backend_test" name="test_logout" time="0.359" /><testcase classname="tests.backend_test" name="test_brute_force_lockout" time="2.452"><failure message="AssertionError: Expected 429 after 5+ attempts, got 401&#10;assert 401 == 429">backend/tests/backend_test.py:153: in test_brute_force_lockout
    assert last_status == 429, f"Expected 429 after 5+ attempts, got {last_status}"
E   AssertionError: Expected 429 after 5+ attempts, got 401
E   assert 401 == 429</failure></testcase></testsuite></testsuites>